<?xml version="1.0" encoding="UTF-8"?>
<testng-results skipped="0" failed="0" ignored="0" total="2" passed="2">
  <reporter-output>
  </reporter-output>
  <suite name="Surefire suite" duration-ms="38" started-at="2021-06-14T16:00:51 IST" finished-at="2021-06-14T16:00:51 IST">
    <groups>
    </groups>
    <test name="Surefire test" duration-ms="38" started-at="2021-06-14T16:00:51 IST" finished-at="2021-06-14T16:00:51 IST">
      <class name="mavenpractice.mavenjava.SeleniumTest">
        <test-method status="PASS" signature="printName()[pri:0, instance:mavenpractice.mavenjava.SeleniumTest@42dafa95]" name="printName" duration-ms="4" started-at="2021-06-14T16:00:51 IST" finished-at="2021-06-14T16:00:51 IST">
          <reporter-output>
          </reporter-output>
        </test-method> <!-- printName -->
      </class> <!-- mavenpractice.mavenjava.SeleniumTest -->
      <class name="mavenpractice.mavenjava.TestNGTest">
        <test-method status="PASS" signature="Name()[pri:0, instance:mavenpractice.mavenjava.TestNGTest@6500df86]" name="Name" duration-ms="0" started-at="2021-06-14T16:00:51 IST" finished-at="2021-06-14T16:00:51 IST">
          <reporter-output>
          </reporter-output>
        </test-method> <!-- Name -->
      </class> <!-- mavenpractice.mavenjava.TestNGTest -->
    </test> <!-- Surefire test -->
  </suite> <!-- Surefire suite -->
</testng-results>
