<?xml version="1.0" encoding="UTF-8"?>
<testng-results ignored="0" total="1" passed="1" failed="0" skipped="0">
  <reporter-output>
  </reporter-output>
  <suite started-at="2021-07-18T16:51:11 IST" name="Default suite" finished-at="2021-07-18T16:51:11 IST" duration-ms="45">
    <groups>
    </groups>
    <test started-at="2021-07-18T16:51:11 IST" name="Default test" finished-at="2021-07-18T16:51:11 IST" duration-ms="45">
      <class name="mavenpractice.mavenjava.JsonRead">
        <test-method signature="readfile()[pri:0, instance:mavenpractice.mavenjava.JsonRead@2abf4075]" started-at="2021-07-18T16:51:11 IST" name="readfile" finished-at="2021-07-18T16:51:11 IST" duration-ms="16" status="PASS">
          <reporter-output>
          </reporter-output>
        </test-method> <!-- readfile -->
      </class> <!-- mavenpractice.mavenjava.JsonRead -->
    </test> <!-- Default test -->
  </suite> <!-- Default suite -->
</testng-results>
